<?xml version="1.0" encoding="UTF-8"?>
<testsuite name="org.launchcode.hellospring.HelloSpringApplicationTests" tests="1" skipped="0" failures="0" errors="0" timestamp="2023-09-19T23:36:19" hostname="CHARU" time="0.695">
  <properties/>
  <testcase name="contextLoads()" classname="org.launchcode.hellospring.HelloSpringApplicationTests" time="0.695"/>
  <system-out><![CDATA[18:36:17.606 [Test worker] INFO org.springframework.test.context.support.AnnotationConfigContextLoaderUtils -- Could not detect default configuration classes for test class [org.launchcode.hellospring.HelloSpringApplicationTests]: HelloSpringApplicationTests does not declare any static, non-private, non-final, nested classes annotated with @Configuration.
18:36:17.691 [Test worker] INFO org.springframework.boot.test.context.SpringBootTestContextBootstrapper -- Found @SpringBootConfiguration org.launchcode.hellospring.HelloSpringApplication for test class org.launchcode.hellospring.HelloSpringApplicationTests

  .   ____          _            __ _ _
 /\\ / ___'_ __ _ _(_)_ __  __ _ \ \ \ \
( ( )\___ | '_ | '_| | '_ \/ _` | \ \ \ \
 \\/  ___)| |_)| | | | | || (_| |  ) ) ) )
  '  |____| .__|_| |_|_| |_\__, | / / / /
 =========|_|==============|___/=/_/_/_/
 :: Spring Boot ::                (v3.1.3)

2023-09-19T18:36:18.052-05:00  INFO 12128 --- [    Test worker] o.l.h.HelloSpringApplicationTests        : Starting HelloSpringApplicationTests using Java 19.0.2 with PID 12128 (started by Charu in C:\Users\Charu\OneDrive\Desktop\Git-Exercises\java\spring\hello-spring)
2023-09-19T18:36:18.055-05:00  INFO 12128 --- [    Test worker] o.l.h.HelloSpringApplicationTests        : No active profile set, falling back to 1 default profile: "default"
2023-09-19T18:36:19.099-05:00  INFO 12128 --- [    Test worker] o.l.h.HelloSpringApplicationTests        : Started HelloSpringApplicationTests in 1.247 seconds (process running for 2.268)
]]></system-out>
  <system-err><![CDATA[]]></system-err>
</testsuite>
